07-11 14:51:53 com_github_MitjaNemec_PlaceFootprints.action_place_footprints 674:Plugin executed on: 'win32'
07-11 14:51:53 com_github_MitjaNemec_PlaceFootprints.action_place_footprints 675:Plugin executed with python version: '3.11.5 (main, Jan 27 2025, 07:08:36) [MSC v.1942 64 bit (AMD64)]'
07-11 14:51:53 com_github_MitjaNemec_PlaceFootprints.action_place_footprints 676:KiCad build version: 9.0.1
07-11 14:51:53 com_github_MitjaNemec_PlaceFootprints.action_place_footprints 677:Plugin version: 4.0.1
07-11 14:51:53 com_github_MitjaNemec_PlaceFootprints.action_place_footprints 678:Frame repr: <wx._core.Frame object at 0x000001C3828E7130>
07-11 14:51:53 com_github_MitjaNemec_PlaceFootprints.place_footprints 121:getting a list of all footprints on board
07-11 14:51:53 com_github_MitjaNemec_PlaceFootprints.place_footprints 156:Footprint U15 on root level
07-11 14:51:53 com_github_MitjaNemec_PlaceFootprints.place_footprints 156:Footprint U14 on root level
07-11 14:51:53 com_github_MitjaNemec_PlaceFootprints.place_footprints 156:Footprint U13 on root level
07-11 14:51:53 com_github_MitjaNemec_PlaceFootprints.place_footprints 156:Footprint U12 on root level
07-11 14:51:53 com_github_MitjaNemec_PlaceFootprints.place_footprints 156:Footprint U11 on root level
07-11 14:51:53 com_github_MitjaNemec_PlaceFootprints.place_footprints 156:Footprint U10 on root level
07-11 14:51:53 com_github_MitjaNemec_PlaceFootprints.place_footprints 156:Footprint U9 on root level
07-11 14:51:53 com_github_MitjaNemec_PlaceFootprints.place_footprints 156:Footprint U8 on root level
07-11 14:51:53 com_github_MitjaNemec_PlaceFootprints.place_footprints 156:Footprint U7 on root level
07-11 14:51:53 com_github_MitjaNemec_PlaceFootprints.place_footprints 156:Footprint U6 on root level
07-11 14:51:53 com_github_MitjaNemec_PlaceFootprints.place_footprints 156:Footprint U5 on root level
07-11 14:51:53 com_github_MitjaNemec_PlaceFootprints.place_footprints 156:Footprint U4 on root level
07-11 14:51:53 com_github_MitjaNemec_PlaceFootprints.place_footprints 156:Footprint U3 on root level
07-11 14:51:53 com_github_MitjaNemec_PlaceFootprints.place_footprints 156:Footprint U2 on root level
07-11 14:51:53 com_github_MitjaNemec_PlaceFootprints.place_footprints 156:Footprint U1 on root level
07-11 14:51:53 com_github_MitjaNemec_PlaceFootprints.place_footprints 156:Footprint U0 on root level
07-11 14:51:53 com_github_MitjaNemec_PlaceFootprints.place_footprints 156:Footprint M1 on root level
07-11 14:51:53 com_github_MitjaNemec_PlaceFootprints.place_footprints 156:Footprint H1 on root level
07-11 14:51:53 com_github_MitjaNemec_PlaceFootprints.place_footprints 156:Footprint H2 on root level
07-11 14:51:53 com_github_MitjaNemec_PlaceFootprints.place_footprints 156:Footprint R20 on root level
07-11 14:51:53 com_github_MitjaNemec_PlaceFootprints.place_footprints 156:Footprint R8 on root level
07-11 14:51:53 com_github_MitjaNemec_PlaceFootprints.place_footprints 156:Footprint R33 on root level
07-11 14:51:53 com_github_MitjaNemec_PlaceFootprints.place_footprints 156:Footprint R4 on root level
07-11 14:51:53 com_github_MitjaNemec_PlaceFootprints.place_footprints 156:Footprint R9 on root level
07-11 14:51:53 com_github_MitjaNemec_PlaceFootprints.place_footprints 156:Footprint R5 on root level
07-11 14:51:53 com_github_MitjaNemec_PlaceFootprints.place_footprints 156:Footprint R11 on root level
07-11 14:51:53 com_github_MitjaNemec_PlaceFootprints.place_footprints 156:Footprint R14 on root level
07-11 14:51:53 com_github_MitjaNemec_PlaceFootprints.place_footprints 156:Footprint J0 on root level
07-11 14:51:53 com_github_MitjaNemec_PlaceFootprints.place_footprints 156:Footprint R25 on root level
07-11 14:51:53 com_github_MitjaNemec_PlaceFootprints.place_footprints 156:Footprint C0 on root level
07-11 14:51:53 com_github_MitjaNemec_PlaceFootprints.place_footprints 156:Footprint R18 on root level
07-11 14:51:53 com_github_MitjaNemec_PlaceFootprints.place_footprints 156:Footprint C1 on root level
07-11 14:51:53 com_github_MitjaNemec_PlaceFootprints.place_footprints 156:Footprint R21 on root level
07-11 14:51:53 com_github_MitjaNemec_PlaceFootprints.place_footprints 156:Footprint R29 on root level
07-11 14:51:53 com_github_MitjaNemec_PlaceFootprints.place_footprints 156:Footprint R30 on root level
07-11 14:51:53 com_github_MitjaNemec_PlaceFootprints.place_footprints 156:Footprint R15 on root level
07-11 14:51:53 com_github_MitjaNemec_PlaceFootprints.place_footprints 156:Footprint R2 on root level
07-11 14:51:53 com_github_MitjaNemec_PlaceFootprints.place_footprints 156:Footprint R26 on root level
07-11 14:51:53 com_github_MitjaNemec_PlaceFootprints.place_footprints 156:Footprint R10 on root level
07-11 14:51:53 com_github_MitjaNemec_PlaceFootprints.place_footprints 156:Footprint R28 on root level
07-11 14:51:53 com_github_MitjaNemec_PlaceFootprints.place_footprints 156:Footprint R23 on root level
07-11 14:51:53 com_github_MitjaNemec_PlaceFootprints.place_footprints 156:Footprint R22 on root level
07-11 14:51:53 com_github_MitjaNemec_PlaceFootprints.place_footprints 156:Footprint D0 on root level
07-11 14:51:53 com_github_MitjaNemec_PlaceFootprints.place_footprints 156:Footprint C3 on root level
07-11 14:51:53 com_github_MitjaNemec_PlaceFootprints.place_footprints 156:Footprint R0 on root level
07-11 14:51:53 com_github_MitjaNemec_PlaceFootprints.place_footprints 156:Footprint D1 on root level
07-11 14:51:53 com_github_MitjaNemec_PlaceFootprints.place_footprints 156:Footprint C2 on root level
07-11 14:51:53 com_github_MitjaNemec_PlaceFootprints.place_footprints 156:Footprint R16 on root level
07-11 14:51:53 com_github_MitjaNemec_PlaceFootprints.place_footprints 156:Footprint R13 on root level
07-11 14:51:53 com_github_MitjaNemec_PlaceFootprints.place_footprints 156:Footprint R32 on root level
07-11 14:51:53 com_github_MitjaNemec_PlaceFootprints.place_footprints 156:Footprint R19 on root level
07-11 14:51:53 com_github_MitjaNemec_PlaceFootprints.place_footprints 156:Footprint R12 on root level
07-11 14:51:53 com_github_MitjaNemec_PlaceFootprints.place_footprints 156:Footprint R24 on root level
07-11 14:51:53 com_github_MitjaNemec_PlaceFootprints.place_footprints 156:Footprint R27 on root level
07-11 14:51:53 com_github_MitjaNemec_PlaceFootprints.place_footprints 156:Footprint C4 on root level
07-11 14:51:53 com_github_MitjaNemec_PlaceFootprints.place_footprints 156:Footprint R3 on root level
07-11 14:51:53 com_github_MitjaNemec_PlaceFootprints.place_footprints 156:Footprint R1 on root level
07-11 14:51:53 com_github_MitjaNemec_PlaceFootprints.place_footprints 156:Footprint R7 on root level
07-11 14:51:53 com_github_MitjaNemec_PlaceFootprints.place_footprints 156:Footprint R31 on root level
07-11 14:51:53 com_github_MitjaNemec_PlaceFootprints.place_footprints 156:Footprint R6 on root level
07-11 14:51:53 com_github_MitjaNemec_PlaceFootprints.place_footprints 156:Footprint R17 on root level
07-11 14:51:53 com_github_MitjaNemec_PlaceFootprints.place_footprints 156:Footprint C5 on root level
07-11 14:51:53 com_github_MitjaNemec_PlaceFootprints.place_footprints 156:Footprint R34 on root level
07-11 14:51:53 com_github_MitjaNemec_PlaceFootprints.place_footprints 156:Footprint M0 on root level
07-11 14:51:53 com_github_MitjaNemec_PlaceFootprints.action_place_footprints 717:Reference footprint='U15'
07-11 14:51:54 com_github_MitjaNemec_PlaceFootprints.action_place_footprints 858:Reference designator is: U
07-11 14:51:54 com_github_MitjaNemec_PlaceFootprints.action_place_footprints 859:Reference number is: 15
07-11 14:51:54 com_github_MitjaNemec_PlaceFootprints.action_place_footprints 891:Sorted and filtered list:
['U0', 'U1', 'U2', 'U3', 'U4', 'U5', 'U6', 'U7', 'U8', 'U9', 'U10', 'U11', 'U12', 'U13', 'U14', 'U15']
07-11 14:51:54 com_github_MitjaNemec_PlaceFootprints.action_place_footprints 376:wx.Colour(240, 240, 240, 255)
07-11 14:52:10 com_github_MitjaNemec_PlaceFootprints.action_place_footprints 507:'6'
07-11 14:52:10 com_github_MitjaNemec_PlaceFootprints.action_place_footprints 553:Preparing config for reference linear
07-11 14:52:10 com_github_MitjaNemec_PlaceFootprints.action_place_footprints 573:Saving config file
07-11 14:52:10 com_github_MitjaNemec_PlaceFootprints.action_place_footprints 575:Saved the config file
07-11 14:52:10 com_github_MitjaNemec_PlaceFootprints.action_place_footprints 929:Footprints to place:
['U0', 'U1', 'U2', 'U3', 'U4', 'U5', 'U6', 'U7', 'U8', 'U9', 'U10', 'U11', 'U12', 'U13', 'U14', 'U15']
07-11 14:52:10 com_github_MitjaNemec_PlaceFootprints.place_footprints 396:Starting placing with linear layout
07-11 14:52:10 com_github_MitjaNemec_PlaceFootprints.action_place_footprints 970:Placing complete
